{
  "RSpec": {
    "coverage": {
      "/Users/marawanot/Projects/lemon/app/helpers/application_helper.rb": [
        1,
        null
      ],
      "/Users/marawanot/Projects/lemon/app/models/event.rb": [
        1,
        1,
        1,
        1,
        1,
        1,
        1,
        null,
        1,
        6,
        null,
        6,
        6,
        null,
        null,
        null,
        null,
        null,
        6,
        null,
        null,
        6,
        null,
        null,
        1,
        8,
        8,
        8,
        null,
        8,
        7,
        7,
        null,
        null,
        null,
        8,
        null,
        null,
        1,
        null,
        null,
        null,
        null,
        null,
        null,
        6,
        null,
        null
      ],
      "/Users/marawanot/Projects/lemon/app/controllers/events_controller.rb": [
        1,
        1,
        null,
        1,
        1,
        1,
        null,
        1,
        null,
        null,
        null,
        null,
        null,
        null,
        1,
        null,
        1,
        null,
        null,
        1,
        0,
        null,
        null,
        1,
        6,
        null,
        null
      ],
      "/Users/marawanot/Projects/lemon/app/controllers/application_controller.rb": [
        1,
        1,
        null
      ]
    },
    "timestamp": 1465731998
  }
}
